Determining if the pthread_create exist failed with the following output:
Change Dir: /home/alessio/workspaces/build/CMakeFiles/CMakeTmp

Run Build Command:"/usr/bin/make" "cmTC_1c9ca/fast"
/usr/bin/make -f CMakeFiles/cmTC_1c9ca.dir/build.make CMakeFiles/cmTC_1c9ca.dir/build
make[1]: Entering directory '/home/alessio/workspaces/build/CMakeFiles/CMakeTmp'
Building C object CMakeFiles/cmTC_1c9ca.dir/CheckSymbolExists.c.o
/usr/bin/cc     -o CMakeFiles/cmTC_1c9ca.dir/CheckSymbolExists.c.o   -c /home/alessio/workspaces/build/CMakeFiles/CMakeTmp/CheckSymbolExists.c
Linking C executable cmTC_1c9ca
/usr/bin/cmake -E cmake_link_script CMakeFiles/cmTC_1c9ca.dir/link.txt --verbose=1
/usr/bin/cc       CMakeFiles/cmTC_1c9ca.dir/CheckSymbolExists.c.o  -o cmTC_1c9ca -rdynamic 
CMakeFiles/cmTC_1c9ca.dir/CheckSymbolExists.c.o: In function `main':
CheckSymbolExists.c:(.text+0x16): undefined reference to `pthread_create'
collect2: error: ld returned 1 exit status
CMakeFiles/cmTC_1c9ca.dir/build.make:97: recipe for target 'cmTC_1c9ca' failed
make[1]: *** [cmTC_1c9ca] Error 1
make[1]: Leaving directory '/home/alessio/workspaces/build/CMakeFiles/CMakeTmp'
Makefile:126: recipe for target 'cmTC_1c9ca/fast' failed
make: *** [cmTC_1c9ca/fast] Error 2

File /home/alessio/workspaces/build/CMakeFiles/CMakeTmp/CheckSymbolExists.c:
/* */
#include <pthread.h>

int main(int argc, char** argv)
{
  (void)argv;
#ifndef pthread_create
  return ((int*)(&pthread_create))[argc];
#else
  (void)argc;
  return 0;
#endif
}

Determining if the function pthread_create exists in the pthreads failed with the following output:
Change Dir: /home/alessio/workspaces/build/CMakeFiles/CMakeTmp

Run Build Command:"/usr/bin/make" "cmTC_af20b/fast"
/usr/bin/make -f CMakeFiles/cmTC_af20b.dir/build.make CMakeFiles/cmTC_af20b.dir/build
make[1]: Entering directory '/home/alessio/workspaces/build/CMakeFiles/CMakeTmp'
Building C object CMakeFiles/cmTC_af20b.dir/CheckFunctionExists.c.o
/usr/bin/cc    -DCHECK_FUNCTION_EXISTS=pthread_create   -o CMakeFiles/cmTC_af20b.dir/CheckFunctionExists.c.o   -c /usr/share/cmake-3.5/Modules/CheckFunctionExists.c
Linking C executable cmTC_af20b
/usr/bin/cmake -E cmake_link_script CMakeFiles/cmTC_af20b.dir/link.txt --verbose=1
/usr/bin/cc   -DCHECK_FUNCTION_EXISTS=pthread_create    CMakeFiles/cmTC_af20b.dir/CheckFunctionExists.c.o  -o cmTC_af20b -rdynamic -lpthreads 
/usr/bin/ld: cannot find -lpthreads
collect2: error: ld returned 1 exit status
CMakeFiles/cmTC_af20b.dir/build.make:97: recipe for target 'cmTC_af20b' failed
make[1]: *** [cmTC_af20b] Error 1
make[1]: Leaving directory '/home/alessio/workspaces/build/CMakeFiles/CMakeTmp'
Makefile:126: recipe for target 'cmTC_af20b/fast' failed
make: *** [cmTC_af20b/fast] Error 2


